<?xml version="1.0" encoding="UTF-8"?>
<!-- Generated by org.testng.reporters.JUnitXMLReporter -->
<testsuite ignored="0" hostname="Jayaramans-MacBook-Air.local" failures="0" tests="5" name="Test" time="24.849" errors="0" timestamp="2024-08-07T13:00:34 NZST">
  <testcase classname="codingAssessment.CodilityApplication" name="fieldsCheck" time="0.057"/>
  <testcase classname="codingAssessment.CodilityApplication" name="ValidCredentialsCheck" time="0.138"/>
  <testcase classname="codingAssessment.CodilityApplication" name="wrongCredentialsCheck" time="0.136"/>
  <testcase classname="codingAssessment.CodilityApplication" name="invalidEmailCheck" time="0.117"/>
  <testcase classname="codingAssessment.CodilityApplication" name="invalidPasswordCeck" time="0.129"/>
</testsuite> <!-- Test -->
